20 20
30 22
40 23
50 24
60 25
70 26
80 27
90 28
200 129
300 131
400 132
500 133
600 134
700 135
800 136
900 137
1100 238
1200 249
1300 259
1400 269
1500 279
1600 289
1700 299
1800 309
1900 319
2000 329
2100 240
2200 250
2300 260
2400 270
2500 280
2600 290
2700 300
2800 310
2900 320
3000 330
3100 241
3200 251
3300 261
3400 271
3500 281
3600 291
3700 301
3800 311
3900 321
4000 331
4100 242
4200 252
4300 262
4400 272
4500 282
4600 292
4700 302
4800 312
4900 322
5000 332
5100 243
5200 253
5300 263
5400 273
5500 283
5600 293
5700 303
5800 313
5900 323
6000 333
6100 244
6200 254
6300 264
6400 274
6500 284
6600 294
6700 304
6800 314
6900 324
7000 334
7100 245
7200 255
7300 265
7400 275
7500 285
7600 295
7700 305
7800 315
7900 325
8000 335
8100 246
8200 256
8300 266
8400 276
8500 286
8600 296
8700 306
8800 316
8900 326
9000 336
9100 247
9200 257
9300 267
9400 277
9500 287
9600 297
9700 307
9800 317
9900 327
11000 1337
12000 1348
13000 1358
14000 1368
15000 1378
16000 1388
17000 1398
18000 1408
19000 1418
20000 1428
21000 1339
22000 1349
23000 1359
24000 1369
25000 1379
26000 1389
27000 1399
28000 1409
29000 1419
30000 1429
31000 1340
32000 1350
33000 1360
34000 1370
35000 1380
36000 1390
37000 1400
38000 1410
39000 1420
40000 1430
41000 1341
42000 1351
43000 1361
44000 1371
45000 1381
46000 1391
47000 1401
48000 1411
49000 1421
50000 1431
51000 1342
52000 1352
53000 1362
54000 1372
55000 1382
56000 1392
57000 1402
58000 1412
59000 1422
60000 1432
61000 1343
62000 1353
63000 1363
64000 1373
65000 1383
66000 1393
67000 1403
68000 1413
69000 1423
70000 1433
71000 1344
72000 1354
73000 1364
74000 1374
75000 1384
76000 1394
77000 1404
78000 1414
79000 1424
80000 1434
81000 1345
82000 1355
83000 1365
84000 1375
85000 1385
86000 1395
87000 1405
88000 1415
89000 1425
90000 1435
91000 1346
92000 1356
93000 1366
94000 1376
95000 1386
96000 1396
97000 1406
98000 1416
99000 1426
