Решение уравнения:
-1*x_1 + -1*x_2 + 3 = 0
-0.333333*x_1 + -1*x_2 + 2.33333 = 0
w = 0.5; epsilon = 0.0001
===================
Количество шагов = 154, w = 0.1 Найденное решение: (1.00015, 1.99995)
Количество шагов = 75, w = 0.2 Найденное решение: (1.00013, 1.99996)
Количество шагов = 48, w = 0.3 Найденное решение: (1.00013, 1.99996)
Количество шагов = 35, w = 0.4 Найденное решение: (1.00012, 1.99996)
Количество шагов = 27, w = 0.5 Найденное решение: (1.00011, 1.99996)
Количество шагов = 21, w = 0.6 Найденное решение: (1.00013, 1.99996)
Количество шагов = 17, w = 0.7 Найденное решение: (1.00014, 1.99995)
Количество шагов = 14, w = 0.8 Найденное решение: (1.00014, 1.99995)
Количество шагов = 12, w = 0.9 Найденное решение: (1.0001, 1.99997)
Количество шагов = 10, w = 1 Найденное решение: (1.0001, 1.99997)
Количество шагов = 9, w = 1.1 Найденное решение: (1.00004, 1.99999)
Количество шагов = 8, w = 1.2 Найденное решение: (0.999997, 1.99999)
Количество шагов = 10, w = 1.3 Найденное решение: (0.999959, 2)
Количество шагов = 13, w = 1.4 Найденное решение: (1.00005, 2)
Количество шагов = 17, w = 1.5 Найденное решение: (1.00005, 2)
Количество шагов = 22, w = 1.6 Найденное решение: (0.999908, 2)
Количество шагов = 32, w = 1.7 Найденное решение: (0.999923, 2)
Количество шагов = 50, w = 1.8 Найденное решение: (0.9999, 2)
Количество шагов = 106, w = 1.9 Найденное решение: (0.999901, 2)

Решение уравнения:
-1*x_1 + 0.5*x_2 + -1.5*x_3 + -1*x_4 + -0.5 = 0
-3*x_1 + -1*x_2 + -2*x_3 + -3*x_4 + -1 = 0
-0.25*x_1 + 0.75*x_2 + -1*x_3 + -0.25*x_4 + -0.25 = 0
-0.25*x_1 + -0.5*x_2 + -0.25*x_3 + -1*x_4 + -0.25 = 0
w = 0; epsilon = 0.0001
===================
Количество шагов = 131, w = 0.1 Найденное решение: (-0.133375, 0.4, 0.2, -0.466656)
Количество шагов = 63, w = 0.2 Найденное решение: (-0.133374, 0.4, 0.2, -0.466656)
Количество шагов = 40, w = 0.3 Найденное решение: (-0.133376, 0.4, 0.2, -0.466656)
Количество шагов = 29, w = 0.4 Найденное решение: (-0.133371, 0.4, 0.2, -0.466657)
Количество шагов = 22, w = 0.5 Найденное решение: (-0.133371, 0.4, 0.2, -0.466657)
Количество шагов = 18, w = 0.6 Найденное решение: (-0.133358, 0.4, 0.2, -0.46666)
Количество шагов = 14, w = 0.7 Найденное решение: (-0.133368, 0.4, 0.2, -0.466658)
Количество шагов = 12, w = 0.8 Найденное решение: (-0.133353, 0.4, 0.2, -0.466662)
Количество шагов = 10, w = 0.9 Найденное решение: (-0.133349, 0.4, 0.2, -0.466663)
Количество шагов = 8, w = 1 Найденное решение: (-0.133347, 0.399994, 0.199997, -0.46666)
Количество шагов = 9, w = 1.1 Найденное решение: (-0.133378, 0.400059, 0.200029, -0.466692)
Количество шагов = 13, w = 1.2 Найденное решение: (-0.13337, 0.400049, 0.200024, -0.466688)
Количество шагов = 19, w = 1.3 Найденное решение: (-0.133373, 0.400053, 0.200026, -0.46669)
Количество шагов = 31, w = 1.4 Найденное решение: (-0.133374, 0.400054, 0.200027, -0.46669)
Количество шагов = 66, w = 1.5 Найденное решение: (-0.133289, 0.39994, 0.19997, -0.466641)


Решение уравнения:
-1*x_1 + -0.666666*x_2 + -0.5*x_3 + -0.4*x_4 + -0.333334*x_5 + -6 = 0
-1.33333*x_1 + -1*x_2 + -0.8*x_3 + -0.666668*x_4 + -0.571428*x_5 + -16 = 0
-1.5*x_1 + -1.2*x_2 + -1*x_3 + -0.85714*x_4 + -0.749999*x_5 + -59.9999 = 0
-1.6*x_1 + -1.33334*x_2 + -1.14286*x_3 + -1*x_4 + -0.888888*x_5 + -24 = 0
-1.66667*x_1 + -1.42857*x_2 + -1.25*x_3 + -1.11111*x_4 + -1*x_5 + -550 = 0
epsilon = 0.001
===================
Количество шагов = 10001, w = 0.1 Найденное решение: (16765.8, -90660.2, 26778.5, 261535, -223046)
Количество шагов = 10001, w = 0.2 Найденное решение: (25000.6, -112780, -51335.9, 500244, -372760)
Количество шагов = 10001, w = 0.3 Найденное решение: (26412.6, -96364.6, -175941, 724136, -491576)
Количество шагов = 10001, w = 0.4 Найденное решение: (24744.1, -62752.4, -320421, 939502, -595509)
Количество шагов = 10001, w = 0.5 Найденное решение: (21704, -21685.2, -472639, 1.14924e+006, -691883)
Количество шагов = 10001, w = 0.6 Найденное решение: (18072.3, 22393.4, -627073, 1.35472e+006, -784058)
Количество шагов = 10001, w = 0.7 Найденное решение: (14204.7, 67459.9, -781220, 1.55656e+006, -873578)
Количество шагов = 10001, w = 0.8 Найденное решение: (10263.2, 112596, -933956, 1.75509e+006, -961160)
Количество шагов = 10001, w = 0.9 Найденное решение: (6321.25, 157389, -1.08479e+006, 1.95049e+006, -1.04714e+006)
Количество шагов = 10001, w = 1 Найденное решение: (2411.83, 201654, -1.23351e+006, 2.14285e+006, -1.13169e+006)
Количество шагов = 10001, w = 1.1 Найденное решение: (-1450.46, 245315, -1.38005e+006, 2.33224e+006, -1.2149e+006)
Количество шагов = 10001, w = 1.2 Найденное решение: (-5259.46, 288341, -1.52439e+006, 2.51873e+006, -1.2968e+006)
Количество шагов = 10001, w = 1.3 Найденное решение: (-9012.84, 330724, -1.66654e+006, 2.70237e+006, -1.37744e+006)
Количество шагов = 10001, w = 1.4 Найденное решение: (-12710, 372465, -1.80653e+006, 2.88319e+006, -1.45684e+006)
Количество шагов = 10001, w = 1.5 Найденное решение: (-16351.2, 413572, -1.94437e+006, 3.06125e+006, -1.53503e+006)
Количество шагов = 10001, w = 1.6 Найденное решение: (-19936.9, 454051, -2.08011e+006, 3.23658e+006, -1.61202e+006)
Количество шагов = 10001, w = 1.7 Найденное решение: (-23467.9, 493911, -2.21378e+006, 3.40923e+006, -1.68783e+006)
Количество шагов = 10001, w = 1.8 Найденное решение: (-26945, 533162, -2.3454e+006, 3.57924e+006, -1.76248e+006)
Количество шагов = 10001, w = 1.9 Найденное решение: (-30368.9, 571813, -2.47501e+006, 3.74665e+006, -1.83599e+006)
