Решение уравнения:
-1*x_1 + -0.666666*x_2 + -0.5*x_3 + -0.4*x_4 + -0.333334*x_5 + -6 = 0
-1.33333*x_1 + -1*x_2 + -0.8*x_3 + -0.666668*x_4 + -0.571428*x_5 + -16 = 0
-1.5*x_1 + -1.2*x_2 + -1*x_3 + -0.85714*x_4 + -0.749999*x_5 + -59.9999 = 0
-1.6*x_1 + -1.33334*x_2 + -1.14286*x_3 + -1*x_4 + -0.888888*x_5 + -24 = 0
-1.66667*x_1 + -1.42857*x_2 + -1.25*x_3 + -1.11111*x_4 + -1*x_5 + -550 = 0
epsilon = 0.1
===================
Количество шагов = 10001, w = 0.1 Найденное решение: (16765.8, -90660.2, 26778.5, 261535, -223046)
Количество шагов = 10001, w = 0.2 Найденное решение: (25000.6, -112780, -51335.9, 500244, -372760)
Количество шагов = 10001, w = 0.3 Найденное решение: (26412.6, -96364.6, -175941, 724136, -491576)
Количество шагов = 10001, w = 0.4 Найденное решение: (24744.1, -62752.4, -320421, 939502, -595509)
Количество шагов = 10001, w = 0.5 Найденное решение: (21704, -21685.2, -472639, 1.14924e+006, -691883)
Количество шагов = 10001, w = 0.6 Найденное решение: (18072.3, 22393.4, -627073, 1.35472e+006, -784058)
Количество шагов = 10001, w = 0.7 Найденное решение: (14204.7, 67459.9, -781220, 1.55656e+006, -873578)
Количество шагов = 10001, w = 0.8 Найденное решение: (10263.2, 112596, -933956, 1.75509e+006, -961160)
Количество шагов = 10001, w = 0.9 Найденное решение: (6321.25, 157389, -1.08479e+006, 1.95049e+006, -1.04714e+006)
Количество шагов = 10001, w = 1 Найденное решение: (2411.83, 201654, -1.23351e+006, 2.14285e+006, -1.13169e+006)
Количество шагов = 10001, w = 1.1 Найденное решение: (-1450.46, 245315, -1.38005e+006, 2.33224e+006, -1.2149e+006)
Количество шагов = 10001, w = 1.2 Найденное решение: (-5259.46, 288341, -1.52439e+006, 2.51873e+006, -1.2968e+006)
Количество шагов = 10001, w = 1.3 Найденное решение: (-9012.84, 330724, -1.66654e+006, 2.70237e+006, -1.37744e+006)
Количество шагов = 10001, w = 1.4 Найденное решение: (-12710, 372465, -1.80653e+006, 2.88319e+006, -1.45684e+006)
Количество шагов = 10001, w = 1.5 Найденное решение: (-16351.2, 413572, -1.94437e+006, 3.06125e+006, -1.53503e+006)
Количество шагов = 10001, w = 1.6 Найденное решение: (-19936.9, 454051, -2.08011e+006, 3.23658e+006, -1.61202e+006)
Количество шагов = 10001, w = 1.7 Найденное решение: (-23467.9, 493911, -2.21378e+006, 3.40923e+006, -1.68783e+006)
Количество шагов = 10001, w = 1.8 Найденное решение: (-26945, 533162, -2.3454e+006, 3.57924e+006, -1.76248e+006)
Количество шагов = 10001, w = 1.9 Найденное решение: (-30368.9, 571813, -2.47501e+006, 3.74665e+006, -1.83599e+006)
