Case #1: 6 4
Case #2: 1 7
Case #3: 2 4
Case #4: 1 3
Case #5: 1 99999999
Case #6: 51125662 51125660
Case #7: 1 3
Case #8: 1 3
Case #9: 5 3
Case #10: 24395323 24395321
Case #11: 4 2
Case #12: 42909088 42909086
Case #13: 14095713 14095711
Case #14: 2 99999998
Case #15: 25683140 25683138
Case #16: 49100489 49100487
Case #17: 5120926 5120924
Case #18: 44141763 44141761
Case #19: 270194 270192
Case #20: 40831753 40831751
Case #21: 81705038 81705036
Case #22: 221355 221353
Case #23: 3 1
Case #24: 1 99999997
Case #25: 3 1
Case #26: 19488056 19488054
Case #27: 91159793 91159791
Case #28: 768131 768129
Case #29: 4 2
Case #30: 3 1
Case #31: 6 4
Case #32: 4 2
Case #33: 5 3
Case #34: 2 100000000
Case #35: 355031 355029
Case #36: 43942100 43942098
Case #37: 41793147 41793145
Case #38: 16980963 16980961
Case #39: 65635415 65635413
Case #40: 39654836 39654834
Case #41: 30488868 30488866
Case #42: 40831787 40831785
Case #43: 100000000 99999998
Case #44: 3 1
Case #45: 99999999 99999997
Case #46: 29197276 29197274
Case #47: 99999998 99999996
Case #48: 789608 789606
Case #49: 40510159 40510157
Case #50: 32656624 32656622
Case #51: 3 1
Case #52: 13363684 13363682
Case #53: 99999997 99999995
Case #54: 6644113 6644111
Case #55: 3 1
Case #56: 1 99999999
Case #57: 5740357 5740355
Case #58: 9446465 9446463
Case #59: 13205177 13205175
Case #60: 3 1
Case #61: 1 99999997
Case #62: 11890491 11890489
Case #63: 4 2
Case #64: 56840511 56840509
Case #65: 19921195 19921193
Case #66: 43185935 43185933
Case #67: 99999997 99999995
Case #68: 63852813 63852811
Case #69: 1 3
Case #70: 93605721 93605719
Case #71: 2 4
Case #72: 100000000 99999998
Case #73: 90257932 90257930
Case #74: 18189131 18189129
Case #75: 99999997 99999995
Case #76: 42644039 42644037
Case #77: 1 99999997
Case #78: 175525 175523
Case #79: 74819609 74819607
Case #80: 112662 112660
Case #81: 3 1
Case #82: 3745263 3745261
Case #83: 4 2
Case #84: 2 100000000
Case #85: 28561911 28561909
Case #86: 2 4
Case #87: 99999995 99999993
Case #88: 24728739 24728737
Case #89: 75873671 75873669
Case #90: 39543647 39543645
Case #91: 586190 586188
Case #92: 3913224 3913222
Case #93: 1 3
Case #94: 3 1
Case #95: 53017171 53017169
Case #96: 3461959 3461957
Case #97: 3444819 3444817
Case #98: 99999998 99999996
Case #99: 25473422 25473420
Case #100: 4 2
