5289 5289 1423 2537 1459 5941 2204 8111 9512 4980 5139 7532 1543 8945 1775 7329 9108 553 6094 4827 2588 4137 4991 5278 3411 2891 5427 3780 1763 9219 644 3448 6797 7673 6598 7938 8238 8323 5877 4552 9696 1370 2148 4604 3008 2701 725 9217 3978 7572 7164 2996 5313 8078 2796 2822 4578 7930 6644 4956 811 9632 5045 5144 3456 6447 9475 1006 9052 8582 8610 5861 7941 1885 2958 6581 2317 675 2528 4483 4431 1505 7773 6229 1845 7870 9075 4652 1641 926 3031 4779 4752 1471 1536 6474 3531 3282 2787 6748 5000 746 6149 272 4550 5166 7974 8293 6545 9413 7627 4218 1024 7396 1464 5517 8485 8513 9097 4999 1309 3828 2158 1373 4260 6651 6097 4829 3235 2795 1623 2867 9014 1415 5442 4122 1207 3757 1490 7217 478 6905 4893 3867 8130 817 150 2862 803 8498 9716 5219 7487 862 6209 2011 3252 2991 2557 2491 6580 5155 2445 1632 3210 7570 3733 4020 7741 4227 5686 4239 7701 9639 8016 9299 883 8813 5771 7818 5190 8865 707 8758 6995 9171 7378 6674 1104 9035 7338 3526 5534 6394 6528 6985 3841 6571 9255 6155 3523 7206 1968 2738 1561 9101 5524 2386 8326 464 120 4448 9222 4646 9015 8675 4702 4945 8440 3096 4577 2032 4101 3074 1700 2933 1934 1638 4544 4950 7481 3209 4212 8526 9494 4383 7090 3908 5229 5916 7025 7881 9220 9381 9950 6183 2081 1083 5446 9842 4162 4475 2549 6654 4204 6607 2256 3314 6452 1920 2939 518 1662 8055 5383 9703 29 6148 971 3481 7618 8749 2652 5250 1558 8716 9741 4683 5740 385 2452 929 1090 54 2116 169 1440 3039 9810 1218 4096 7540 8679 6308 8349 9737 8663 4771 9618 1506 9439 7161 8399 137 7038 3618 519 852 932 8408 9968 2828 9929 8147 4412 3938 9806 8594 1258 4705 6749 2767 7244 8620 2475 3970 2857 117 7519 8447 7268 3315 3470 5116 4508 520 660 4605 3943 2053 4542 9190 9661 2545 2801 1728 9103 8390 2590 1003 3094 3579 3437 5074 4115 4304 8639 9900 4127 1857 939 7612 174 5067 4496 9407 2774 6824 5352 9198 611 5070 8377 5857 1722 8217 6839 1125 776 6925 5584 6131 2935 2621 925 7599 6818 2252 5555 5973 6274 6732 4178 2362 2267 9721 7303 6896 9607 210 4596 1876 8120 8931 5729 4770 4321 5200 3591 9815 3492 7734 2595 8839 7778 799 5187 1943 9114 2834 8364 8880 5053 2186 712 986 597 2543 7813 3739 9877 1915 8704 5797 6753 6692 6509 5314 2182 2383 8076 1454 1939 6112 6523 2367 846 5606 5907 5223 9187 96 703 3064 250 4503 8860 3387 4891 4370 2241 1625 5655 8579 6082 2453 2646 8361 2844 2255 6353 9072 4051 7947 843 3041 6337 6170 1008 1241 607 8430 5843 1604 2962 2484 7552 2810 100 7313 2232 407 7841 4016 3617 1211 2775 6647 5467 3530 9177 4728 7989 7798 3132 8181 3236 4733 8665 2990 2927 1491 2410 5208 9148 9827 8071 6557 4031 7498 8315 4876 421 9989 5631 1356 7816 2268 9752 9027 7984 1240 397 6892 208 7616 9787 2729 3469 1896 8278 7749 2401 3793 9479 6871 9662 6747 5113 6538 3197 4983 431 3560 9636 3945 7292 9213 790 5942 6676 4936 7315 2604 6145 7667 4074 2250 9455 4838 8299 4934 3043 1310 5356 5763 6735 1749 370 8889 7208 4346 7485 904 8976 6338 8630 2573 3168 5994 2097 9934 8944 2247 6758 2706 1368 8283 9274 1359 3022 3018 1252 7966 9733 1517 3770 2695 1884 2079 5675 2388 1100 5648 9102 1635 3415 9921 6039 9204 3858 7056 1725 1628 197 8972 3814 6954 1552 6031 2673 1596 7290 4608 2744 2896 84 9350 6830 7311 5887 9380 6513 2139 5237 6816 6421 6988 215 9519 619 8037 3320 4828 9400 1134 5059 4762 6028 5125 1028 4620 362 7075 2972 1167 579 2033 4490 8629 6246 1821 7046 8007 9084 3407 2210 7012 1297 7489 8188 9839 2179 1248 3370 6191 7200 6519 1336 5473 2108 980 4055 3646 9403 5840 2396 6350 3992 2390 4602 8445 4800 9887 558 1827 1803 3950 348 5111 1061 5418 7602 8577 4043 1449 2258 4254 8580 1147 4114 3966 6938 2955 9674 4148 6645 9562 7101 9481 5134 9389 9967 1825 2251 8835 9419 7219 8534 6396 6117 6040 8428 1185 1012 1516 4121 3386 9268 313 5815 8145 4349 7057 3368 8096 6255 8868 4825 3373 6129 5010 9478 8925 8773 1442 274 2572 8282 5955 78 6851 6188 2985 563 1950 2749 5520 1178 5358 2713 5456 1463 2666 8521 5961 936 1473 4203 2616 3865 731 1429 8082 3300 605 5025 218 8715 8963 2945 9599 3499 9805 2217 4141 7843 8960 7245 697 578 7357 7434 1726 7635 742 3413 4698 3991 4965 1157 7979 8683 7297 223 8607 9233 5266 9855 4656 9288 4151 4250 1065 8468 28 8907 2088 924 6193 1276 1528 2627 2905 3006 4633 343 1250 8737 3059 4284 8271 7515 5718 2439 6869 2020 3821 1805 8515 7122 7037 6384 8806 3910 2150 4971 8658 836 7507 5521 9925 9418 5390 9616 7546 672 4062 1667 8049 2043 8841 1539 2908 9411 1853 4111 90 4391 2995 3575 5035 2202 7186 6911 566 1052 3199 2192 9010 6479 4146 4381 8116 701 1447 8591 1817 6507 3120 1020 8697 6491 2500 1075 4430 8382 2740 8837 4408 4058 8423 7759 3442 3794 7568 7604 7710 5291 2611 2412 8701 7367 6142 277 3417 1041 3418 5348 6573 2555 9420 7476 5750 8659 1913 6952 8072 9449 7900 2782 4729 3220 5525 3127 5449 4368 8197 2993 591 2861 6243 2265 495 2598 6553 7789 6880 7154 7211 3840 7422 6578 8536 6951 8913 4563 8553 9110 8804 9059 7826 4909 7473 2904 2216 9421 928 7013 9180 7343 5712 2757 8628 4294 9697 649 1862 5164 5893 4502 4223 5441 5203 1261 5633 9445 5753 3704 2185 2147 2675 9106 8436 9331 2174 1809 4821 3485 4801 7724 562 3598 1321 3898 4444 2502 1146 4649 3630 2220 7152 7391 1060 7997 7159 8366 6335 8729 5634 7620 6450 5692 8213 2940 9355 1249 7962 8268 724 9281 6786 7549 9510 9259 2374 1508 4236 2833 6583 5766 9077 3346 2708 5182 5245 1592 2515 3087 4574 4975 3508 89 8918 808 6903 7299 4180 1080 8793 4009 2577 7190 8172 8490 112 5912 3145 9593 8392 8924 8673 8862 3177 3640 5804 8705 5206 795 1682 8396 4276 5629 5598 1030 4063 287 6867 7341 4271 6282 6003 4454 5419 5576 1142 6137 4786 871 5657 4696 6098 1406 6743 1479 950 4079 369 7497 1108 8097 8802 7878 8178 5479 3165 2650 1791 9415 1904 4663 4507 3117 8276 4793 3190 3827 5050 1290 4268 9897 3331 8274 3933 6532 8914 9529 4836 6279 9393 7232 1016 1668 136 1445 9130 5689 5903 8054 5308 7048 8528 5230 8688 2684 7192 8363 5643 5431 9230 3725 908 4873 1798 2617 7780 280 441 8329 7641 1664 6245 8712 6569 8991 3573 5264 4767 1655 5586 8810 2324 2013 6682 8362 372 3917 3597 6204 3996 2814 8572 7751 7133 3592 1997 8463 6765 9893 4010 5621 6136 6835 1307 9742 5561 6181 5185 7191 3848 7802 7977 1779 5246 4156 1246 458 7892 6506 2149 5454 4726 9699 4865 3500 2930 6863 5884 3301 2117 3020 1960 3339 5583 2797 9125 4105 2353 6755 5257 3091 9738 8359 6186 8239 9098 8426 3201 601 8548 2376 1515 178 4513 3433 4668 2009 7243 7033 4928 1888 4545 9143 1360 6263 8545 4482 9762 4962 5060 4347 3626 2852 3482 6944 993 721 9840 6301 1584 5475 2615 2105 2916 915 9535 6389 6574 8473 6062 1001 406 9371 8166 6878 2809 491 1265 9111 8341 552 7742 8237 8946 6398 3990 2140 6079 8215 2839 2733 652 1073 8253 4192 7856 3937 3876 354 8955 5705 3004 9434 3826 5934 2448 9023 614 4530 7567 7973 810 2093 2836 4839 2180 1126 7374 745 937 2288 7825 5802 6197 8576 6518 8015 976 4914 5570 5701 4140 6296 8703 340 1116 8849 7761 5443 4297 6460 6739 9383 1084 6809 3396 9656 943 7226 7347 1964 6458 9630 4884 7452 6093 9320 8141 8670 3369 7680 876 4506 4979 3286 3903 8912 5711 205 4708 2293 8395 7065 1130 3583 2387 8393 8244 1312 2440 7340 715 7560 6352 6638 2063 7889 9935 6327 8741 4030 5167 7381 2994 4288 1133 3692 9135 8878 3888 4087 642 7285 793 4812 8514 9313 2230 196 6461 8174 7443 40 9416 4211 3440 7194 5519 2167 2094 5772 7781 9847 4428 490 4918 2647 9723 3713 4001 5933 5746 9775 1634 698 52 947 6602 683 4243 9209 5359 5064 8552 9686 8992 1971 3765 5787 8383 3800 1708 1538 2434 2710 8431 9624 3319 1577 376 9591 3243 2976 4359 3189 2248 3869 7693 6610 6877 3447 7558 7392 8067 8782 7491 1350 7400 7116 6248 6837 8541 7477 8129 5563 7517 2534 1909 955 2389 2154 3472 6425 9797 3801 5700 2895 1554 8587 79 128 7822 1148 1588 4275 7275 3926 7807 7811 5685 7267 5694 4817 7750 4659 2366 7072 9982 374 5665 4639 5879 6154 2024 6733 5953 3701 1630 7321 7786 4536 3014 5929 5901 6015 9337 4559 2295 6234 31 5227 1663 4107 9176 8666 6776 45 1587 5440 9873 2064 5881 9945 2171 3559 5959 9889 6798 7460 1196 2750 3791 8808 1439 4699 7018 784 2660 3838 2981 3227 8902 6481 7605 4533 8304 2068 3602 4738 5723 4345 3016 288 4731 4589 5864 2190 5732 4565 9486 6782 6462 2480 535 9817 9070 2559 2441 7743 9832 6639 9668 8482 7800 1834 722 7441 4154 7249 8297 1925 6437 56 1101 812 2221 7179 9680 6157 9751 7026 5518 6964 7721 5298 6196 2813 2648 6278 2865 4995 4616 2358 9848 5642 6791 5773 9113 4952 2062 8475 8674 3661 1472 7912 4846 4469 9524 5939 8770 232 1243 4033 9348 9965 7379 6762 4844 732 8493 7348 3965 6266 5350 4784 7689 3291 3045 44 5748 1867 8478 7859 2119 8351 8609 8173 6889 700 981 393 5579 104 2493 9979 1493 5150 5316 9870 2070 6393 504 5143 9778 3537 5530 1070 4741 3705 1967 6857 2005 4320 4573 7126 8612 314 1769 7854 9212 9188 6993 248 622 8578 5952 8709 470 9953 2532 3877 3425 6924 9192 4323 3805 5101 15 4422 8131 8451 6673 4568 2558 568 1945 5865 2141 3023 435 6934 6868 5951 3509 702 3432 9183 8767 7196 1421 9745 8020 615 5205 8211 7465 3660 5975 9698 2501 148 7137 3835 4215 1810 5197 8967 4961 1978 1262 7330 7868 4183 6524 573 4165 7350 1123 8063 8505 8427 3457 540 1319 221 5008 5600 9974 9598 5535 2061 6547 5613 9242 8220 7524 7256 872 4777 7042 9239 6200 4798 9714 8978 8159 5595 7581 8187 6317 2337 9756 6961 4418 5667 2203 3113 791 5710 1247 2335 459 2090 3148 1835 3846 7138 2518 9225 3355 6604 341 8980 1820 3688 2967 7181 9409 5092 7235 6370 4457 3195 7429 5318 3063 1951 2211 1674 1268 4937 6178 2718 3092 7547 1826 1460 33 2936 8863 8780 9592 3613 8417 2564 6329 7707 4611 7918 3103 4653 5204 5688 1755 5210 5854 5728 7725 2884 2826 1680 1244 9687 6551 6552 3887 1677 9022 8682 1129 8122 2102 5075 3522 668 2214 8021 6037 2071 5221 6737 9496 6060 6258 5349 2858 8045 2821 7791 5325 3977 9469 4186 3954 5898 5858 4438 3010 4247 7562 5428 9858 8332 3354 7050 3269 8559 4011 2430 1781 3957 9122 336 7261 6457 1458 4748 357 6989 2607 2333 6623 6091 7304 7288 5789 2078 1864 9683 9581 9547 7107 6008 9043 5376 1270 5276 3872 5136 6410 2259 9159 8959 3408 539 6843 3815 523 1610 4187 9948 3724 1355 6161 8345 4255 7702 5794 7834 5943 6068 2026 5739 923 4155 8344 835 4196 8105 6249 5033 3899 6174 5413 801 4100 5988 5937 8598 9129 1425 4944 9297 6418 3985 7417 4443 7913 8589 6176 974 2499 4038 6561 7151 7125 9791 3547 252 7271 2872 5588 3125 3863 1295 154 4414 8240 7448 2151 7423 4044 5526 6302 5737 2898 5783 9399 4794 8057 900 2735 2752 5284 5964 1529 9617 5433 4852 1300 1483 6415 2859 9838 2680 6340 2164 8155 3471 3105 130 7526 5280 8993 3086 3170 4926 145 9545 3809 6106 1855 3804 3480 5273 3503 8935 2633 9646 9516 8627 3214 6431 2051 9986 5501 7188 9301 7788 4606 4543 2968 9340 7185 916 8744 3326 2346 3638 792 860 9885 4143 8453 2989 8018 4599 3150 7472 3935 2095 8908 1149 7910 3677 8231 7623 5322 7817 3233 3994 4264 7529 4485 2732 6104 4267 5921 2728 2685 3967 1806 6167 4376 4334 4719 4868 1408 2824 959 8412 4413 1021 7376 9339 3194 6754 8325 4040 6295 5681 1764 9652 294 8831 126 6021 4757 2531 9488 625 463 6725 7634 7518 2135 3134 6116 9707 2041 5616 4231 42 8631 9060 1467 5664 9021 9333 2296 3971 3843 2103 1153 344 1598 8736 7323 8470 2565 6383 6943 4796 570 9039 2382 1455 9851 963 7851 6803 6941 9406 6691 8343 7342 3540 3964 6789 9107 3271 1375 906 5380 7468 2626 5668 5591 8843 2823 4049 5330 5575 9105 7450 1374 7752 168 1085 460 1034 4128 6254 5112 1023 2457 7820 423 5825 7493 4539 6192 7551 3953 7806 8167 6218 3925 263 6445 2449 7482 8819 7830 5830 345 6980 327 7346 1710 8858 6759 7120 9463 1846 4492 1183 6463 247 8257 2195 9461 3742 5395 4845 7839 636 5248 9329 4123 4458 8017 6372 3088 1357 3172 8979 1475 6488 7214 5342 1949 667 7554 7695 2380 2239 3671 8608 3900 2987 588 8079 8198 8603 829 5436 7230 8224 1702 9663 5504 4015 3462 3318 6499 3347 522 9385 7509 9450 8874 4423 3431 109 2132 7136 8038 5027 838 4322 2941 3397 4419 9561 8623 2130 8160 4064 8684 6807 4287 930 9040 602 2629 2487 747 7094 1737 5082 7592 6446 1476 9427 8776 6014 1256 2488 2313 3114 8822 774 1122 2697 1264 2464 525 386 6187 9124 9131 7666 4695 8783 7801 3422 1150 7201 1935 7382 8724 4242 594 487 1263 6424 4854 4495 7432 4263 6731 2734 6792 6991 50 1760 3246 7821 5005 1215 5958 4329 7713 7204 6744 5862 7628 9923 8365 7720 2864 5300 9834 1441 3359 3842 3924 3656 4942 9004 9949 3548 7316 5572 2327 4189 1221 7766 7533 3191 3169 6088 8870 4393 2038 4624 1446 2890 5845 3934 1220 832 1958 7006 8471 2417 2699 1963 6120 1110 1616 5256 6608 2921 4969 8672 1379 1112 8060 6515 5847 6936 3895 5261 5923 4820 5926 673 2671 3200 1480 6796 7289 4460 3206 9770 6567 5978 6520 4465 4674 6056 1966 1765 3240 8761 4667 3761 7140 1882 6236 2612 1377 6006 2540 4807 8555 3822 5021 7651 2338 6023 4781 0 5458 7525 3122 7874 1345 4086 842 8006 7296 8379 8784 8867 8234 1645 8221 9386 4857 5949 1872 1394 5965 5412 848 8968 5620 9369 5172 2000 3178 5346 61 7939 2465 7134 1396 1477 4637 7259 7165 8459 855 3476 8613 8330 886 2456 4283 1168 4669 9474 4761 841 9179 2225 7253 8618 4159 9710 7985 8584 5299 3959 9571 5004 5422 9272 1195 5980 5176 1547 7406 8792 2332 9231 1774 5759 8437 5608 609 2280 5687 1349 9194 7047 80 3687 7771 1352 9590 9005 5812 7708 2521 527 7648 5076 4290 447 1716 201 2603 3459 1646 2406 1369 5704 1410 6972 1098 3629 7849 6937 7263 3183 8845 6377 3514 7580 2982 7413 6554 413 3893 7815 3322 5523 9606 4131 209 6664 8102 4112 8504 3683 1329 1208 7729 119 4468 8378 8184 3069 6300 1923 4446 8132 6852 1416 3441 3771 2726 1759 4756 3327 3859 330 5198 9343 9298 704 2804 1223 7437 9205 6854 7837 3550 1091 3429 2716 4584 7633 7556 7043 4240 6123 2236 1333 2375 6738 864 9829 9676 4461 1118 4897 8909 5738 3212 5344 5123 7195 3605 3817 8192 4710 5749 2803 984 5970 3409 4830 6417 616 9823 1347 3529 9378 309 5716 2471 5434 8442 6500 9912 905 5602 1504 6492 5036 6593 9066 5333 5927 9927 1675 6253 4691 7466 1314 1499 8711 674 2134 9610 4924 7264 1771 9376 7630 7440 8369 620 7475 8409 2309 1068 863 4427 1474 3248 224 4319 7521 2004 6956 3362 9392 8032 1786 5974 4471 5906 2126 1320 1056 4047 7427 1301 778 5618 4000 2290 4555 140 1816 9804 9952 1363 4625 4597 920 4330 7799 9638 9134 5142 3491 6887 6043 8897 6769 8310 3836 4737 7615 5745 249 2566 3272 1294 6004 8932 4380 2231 2076 1994 3830 5860 5048 6439 6035 4124 2894 2628 9931 6677 8958 1741 2877 1325 798 5496 149 1993 9781 9854 1743 4302 4650 2772 9724 3796 6139 2938 4509 3340 9691 7436 7063 8954 4976 2851 8009 7373 6114 2249 6322 4168 2082 4534 1507 3389 4960 426 2486 5153 7121 1938 718 4813 5271 6468 7238 3176 4885 2427 9883 6560 2269 5610 2902 8636 5536 5104 124 1071 3486 7774 4296 4194 254 990 9206 1776 2929 7728 8495 2014 9955 4872 9537 3398 424 8919 6269 9917 1177 3659 9201 4374 7893 9241 6864 4024 6 4339 5019 3690 2909 6423 7935 8090 4833 4810 1911 1188 8110 6701 635 6026 1614 6005 2562 8922 3421 3723 9020 8222 5152 7687 9679 5347 7600 4645 5795 7735 6984 1518 6596 2907 5262 8289 1340 102 8713 4527 3313 1654 9501 7276 6920 8726 733 4367 8230 2361 5622 6546 4877 9584 7585 8465 2969 4526 9334 8999 5014 1124 2104 8059 4280 5846 1111 5385 2926 9713 3152 7596 4837 2373 3698 2369 8952 5788 8601 6939 4293 9559 9173 7402 4405 1284 3185 1136 6216 8199 9328 1626 2112 9317 4808 6727 9018 8995 3652 7451 3668 3584 2863 1818 6199 4588 1281 4333 4970 3255 3329 6957 3021 9746 3909 2372 999 1299 1212 1870 9799 6895 551 6715 3788 4892 6382 2152 6873 7950 3380 7234 8892 8503 7896 4932 8811 6806 8292 7398 2058 1659 305 7836 5232 2243 1940 8927 1127 2841 1205 1286 3798 3304 7916 7700 3637 1879 7754 3268 6238 875 7308 5996 5269 9443 7952 7694 7409 8000 9980 4864 3563 3676 8404 5841 3435 1877 5638 9336 1163 2169 3372 6503 992 5851 6783 1842 408 6858 2398 7383 828 7139 1671 1279 86 207 6059 1019 4560 8614 9482 752 6053 1724 5047 226 713 9218 8089 5982 9441 5360 3622 2724 1338 3303 2899 1232 1852 4504 2036 8996 5993 9031 9715 3894 4880 4119 3738 7198 6974 2277 9304 7873 6207 302 3975 2835 9708 1811 8895 9569 1424 962 9086 9682 7617 1780 200 9881 2291 8852 5863 9332 114 5236 8740 3949 8204 2869 6516 3901 6042 8114 5288 3154 9080 88 1327 1544 3284 8622 1214 6400 6906 9511 9868 7110 3143 9580 6489 4102 8260 9119 5007 6390 3277 8229 3450 2765 3378 6636 9264 694 7225 9702 1998 4456 1590 2992 5296 2742 556 5703 7167 4386 3871 4332 1387 3399 2342 9830 3056 3477 7671 3467 8500 4730 8051 9588 3475 7032 6842 7124 2414 9115 2843 8550 5083 5768 4013 585 3111 6940 4083 6498 3566 9803 6427 3792 617 4356 4628 6310 9521 1897 640 2979 4004 5311 1411 7281 822 9772 3916 6810 845 3831 8290 6285 2816 2146 5158 1038 2197 9372 1182 1551 7656 1448 7024 2997 9794 1926 4424 7171 7968 3436 2802 589 8706 1559 9859 3000 1907 6706 671 4335 5321 9379 6075 5209 775 2044 9417 3657 5593 166 3515 9763 6280 2640 6073 5335 4657 7883 9544 3299 7255 5548 7142 1672 2394 5297 3601 8421 511 6451 8727 283 3093 8856 381 1914 1318 5619 2193 2571 1027 9864 8279 3224 5211 2438 4474 7636 3357 3234 2651 206 5543 1712 9368 5791 1589 7135 6914 498 3649 384 4191 6054 1376 9085 8088 240 5450 1831 7597 9394 9774 1745 9404 306 3936 7995 7252 4416 5807 2854 5829 5492 1562 866 4012 3803 9145 69 6886 5336 1643 5177 324 1238 6685 5697 5682 2664 4626 7291 1095 4133 789 9257 2882 9470 9375 6612 6325 7221 387 6314 3192 4238 816 5423 8527 7665 2142 3643 4473 8891 404 4776 9800 1788 9942 91 4851 824 6407 2781 8092 716 1849 1618 1522 4718 301 2415 222 3309 5011 3799 8894 7424 4712 1059 6331 5834 8656 4369 9553 6541 6162 9654 5374 3262 8542 6504 555 9910 184 3773 7327 8626 1224 5247 5726 7544 4486 638 1385 8255 7240 9251 9034 7927 2025 9307 2223 2885 9540 4003 5930 1693 2111 4900 4453 450 7579 9468 6918 6083 8031 7855 751 1229 9489 6177 9238 2314 3797 4732 8886 9483 3186 3708 9309 6107 8285 9985 1233 7148 4167 3097 7027 6879 398 3750 1092 2576 8481 4277 391 3188 6096 3179 8657 279 6898 1486 2330 484 581 8977 9911 7705 2163 9387 3295 4540 1457 6775 3553 8125 4840 7119 9552 7923 760 5646 8569 9705 3884 9750 6712 2159 3062 3520 4582 3665 9358 5747 5617 2806 7698 5510 480 6365 1501 41 7564 2766 6615 9127 194 8888 3636 3424 5587 6160 2339 1058 7660 3247 6788 8029 3404 180 220 8825 2145 1140 3081 7363 5938 8551 655 7236 7247 2888 9963 2264 9074 7202 2575 6140 3734 3228 5551 3654 4279 7659 3718 9987 3913 7384 4654 4342 1382 5957 1392 2542 1599 4253 4316 7021 6208 680 7312 7884 2965 8373 2512 7857 9069 9749 3918 4179 3502 5814 5409 3912 7726 7824 7606 5106 6202 8041 6763 8699 253 2069 6309 8558 3816 8570 8191 7174 1042 934 6369 7632 4664 5876 3321 3608 4758 9541 2496 5913 4930 8093 3159 3645 4488 1542 5309 8370 320 6406 7351 8099 5503 2409 5891 3075 4515 8982 97 6416 2002 4394 371 827 7067 5786 8642 7486 1597 9969 5415 5908 1647 1514 367 37 1533 4019 6624 7144 5805 8828 8787 5764 1039 8502 6893 9526 9536 3115 9277 1322 7014 8301 7390 2977 4404 5592 8163 4759 8236 4586 4309 4889 8971 3825 2961 6339 5465 7480 3941 9689 7345 6708 1079 6051 727 5604 8182 4134 3614 4716 2416 8327 3367 7484 3182 2655 5637 7449 8904 948 5886 1699 9150 7504 6813 3911 3353 6671 6440 2948 3229 4313 8189 5878 3266 5542 3478 308 6259 5708 3207 499 4824 3766 6779 2049 1077 7932 9818 1859 9603 9093 3324 2233 3196 7958 7069 1453 8983 3302 813 3133 7550 4437 8649 6537 9011 428 1754 2084 1636 7981 5822 4025 1225 2519 2072 8508 757 5389 5044 4782 3662 4295 5498 9788 5351 3999 7598 7109 7496 1890 9886 9891 896 4618 4510 2811 5323 9743 437 139 2596 6643 1055 5447 9100 4522 3391 5977 6915 3083 5717 2526 9993 7772 4269 5391 6774 834 5118 865 3682 6206 626 5453 893 70 8307 6586 8422 4591 612 3812 6013 3983 7130 8193 1656 9903 60 2741 5659 2275 9117 471 3947 1568 3675 2677 8273 5259 7155 9659 2454 7372 6862 3219 7692 2720 4451 740 1165 7386 873 3393 1815 111 6910 4173 2495 4132 684 1733 9310 9017 6656 5375 5499 7242 8652 8497 2266 203 8248 7455 3589 1653 7740 1166 6756 9595 2756 907 8525 4029 669 2098 3670 183 9370 854 8022 7803 5061 9771 6312 6430 4778 3073 8586 7577 7005 1313 2138 4379 606 8899 577 9828 8025 7454 4085 5189 8337 2490 7736 4704 1644 167 1572 8717 4593 7189 4384 9954 9448 3968 5363 678 3823 8449 2099 6214 315 5180 7199 3758 1158 6490 1152 3517 6222 9570 8318 9551 5130 6521 2913 9567 433 686 9549 5140 7505 6576 8358 8296 3109 5778 2299 2008 8219 8686 405 4850 9256 1735 994 410 8460 9722 1337 9196 8621 7365 6992 8316 3490 379 6831 2085 4859 6773 2975 4523 5252 2661 5509 1397 4500 2345 7574 6699 1282 8775 392 8043 2007 1293 6087 8262 6486 1694 2384 7756 9425 5482 5251 8723 5437 7387 7158 4788 6251 9720 3851 2392 9850 4630 5243 8461 3400 4535 7009 1011 4725 5085 5049 2498 2100 6426 7626 7998 9138 7794 8103 6397 9574 7000 9467 9572 8094 1389 6904 3749 445 1452 1427 3285 2034 6705 3907 5084 9538 3693 3101 2234 6342 5353 7066 8246 1902 2745 6947 6680 5179 8416 9672 797 2897 6017 2783 5632 4816 3748 8245 967 7971 473 5661 3832 2321 4378 6885 2359 2209 6855 2934 998 3371 8352 5235 4171 6020 1844 8799 9068 8590 9053 6205 2517 8171 3001 7354 688 1887 351 1578 3501 8034 565 5872 2212 7872 2133 6750 1639 6111 3582 5806 849 6962 3897 2582 8722 1665 9994 3267 7492 9651 3250 5731 9047 6997 8027 5386 5674 5365 134 5100 9611 6670 6757 9236 7610 1303 9895 6795 8786 8989 9785 2866 1420 5267 4916 8750 2780 1936 9263 6845 6542 4947 333 2096 5539 116 5114 1980 9504 7894 5545 5040 6069 5967 5544 4819 9227 6771 7081 8469 2184 909 8109 2932 4222 3239 2714 6631 8661 2054 9602 9435 8507 949 1750 6063 957 8086 9939 3237 9690 3202 3136 7877 7227 542 1718 2798 549 8286 1037 8755 9673 7212 9730 3419 1292 1696 9161 3955 4707 8036 5338 7163 6022 2433 7595 6132 9433 804 1556 6018 1796 8814 9038 9260 2481 6150 2482 2878 5020 27 4226 3026 8563 3806 5481 2739 2654 9365 1378 2662 2351 4426 4795 2817 355 6859 9760 4164 7999 6717 8004 2357 2957 3351 9793 6575 2829 8529 5039 9670 1502 3906 645 4120 681 1513 6907 5285 1773 8585 8617 6029 6658 4385 3628 4512 902 8923 2067 2371 6399 6316 833 158 1714 8368 3689 7905 2294 6194 7045 3015 6211 6760 4220 7520 5429 3722 6722 575 5871 8112 4986 3886 3341 6086 9583 6741 2760 4014 5874 9071 6556 9874 5601 1689 2429 3276 1007 9094 3106 6834 156 2191 7603 933 7621 7869 978 8571 4395 7747 9643 1678 7537 699 7153 6362 938 1428 5875 6198 2777 1418 8467 3997 5315 6166 7309 8948 8419 6931 3505 2206 3130 4722 6505 6649 5880 4888 3946 5080 7561 6953 5653 7543 9327 1895 6948 1067 8801 5470 6058 5147 5282 9640 1640 3123 7028 3390 377 1995 4815 5063 2015 9073 584 3142 3297 
ST
3235 49 31986.1
9255 49 31986.1
5070 49 31986.1
9114 49 31986.1
3407 49 31986.1
1429 49 31986.1
1276 49 31986.1
6573 49 31986.1
1249 49 31986.1
2650 49 31986.1
8166 49 31986.1
7340 49 31986.1
2154 49 31986.1
5881 49 31986.1
2648 49 31986.1
8351 49 31986.1
1810 49 31986.1
6552 49 31986.1
9129 49 31986.1
900 49 31986.1
9986 49 31986.1
4376 49 31986.1
8858 49 31986.1
588 49 31986.1
8038 49 31986.1
7985 49 31986.1
5759 49 31986.1
1091 49 31986.1
863 49 31986.1
6677 49 31986.1
6701 49 31986.1
3909 49 31986.1
992 49 31986.1
3436 49 31986.1
7636 49 31986.1
8527 49 31986.1
6096 49 31986.1
8977 49 31986.1
3075 49 31986.1
5592 49 31986.1
5717 49 31986.1
5659 49 31986.1
7005 49 31986.1
4850 49 31986.1
3371 49 31986.1
5365 49 31986.1
2433 49 31986.1
7869 49 31986.1
3297 49 31986.1
3235 52 5873.54
9255 52 5873.54
5070 52 5873.54
9114 52 5873.54
3407 52 5873.54
1429 52 5873.54
1276 52 5873.54
6573 52 5873.54
1249 52 5873.54
2650 52 5873.54
8166 52 5873.54
7340 52 5873.54
2154 52 5873.54
5881 52 5873.54
2648 52 5873.54
8351 52 5873.54
1810 52 5873.54
6552 52 5873.54
9129 52 5873.54
900 52 5873.54
9986 52 5873.54
4376 52 5873.54
8858 52 5873.54
588 52 5873.54
8038 52 5873.54
7985 52 5873.54
5759 52 5873.54
1091 52 5873.54
863 52 5873.54
6677 52 5873.54
6701 52 5873.54
3909 52 5873.54
992 52 5873.54
3436 52 5873.54
7636 52 5873.54
8527 52 5873.54
6096 52 5873.54
8977 52 5873.54
3075 52 5873.54
5592 52 5873.54
5717 52 5873.54
5659 52 5873.54
7005 52 5873.54
4850 52 5873.54
3371 52 5873.54
5365 52 5873.54
2433 52 5873.54
7869 52 5873.54
3297 52 33313.6
-1
