5999999594 NO
6999999496 NO
3999999668 YES
1999999881 NO
8999999361 YES
999999919 NO
2999999795 NO
999999919 NO
6999999496 NO
8999999312 YES
1999999842 NO
4999999661 NO
1999999827 NO
999999919 NO
1999999827 NO
2999999763 NO
7999999429 NO
999999919 NO
3999999677 YES
7999999429 NO
4999999661 NO
999999919 NO
1999999842 NO
7999999396 NO
5999999594 NO
7999999396 NO
2999999763 NO
1999999842 NO
3999999720 NO
1999999842 NO
1999999827 NO
6999999496 NO
6999999496 NO
4999999661 NO
8999999361 YES
4999999661 NO
2999999763 NO
1999999881 NO
4999999660 YES
4999999661 NO
999999919 NO
5999999594 NO
999999919 NO
5999999594 NO
6999999496 NO
5999999594 NO
5999999594 NO
4999999661 NO
6999999496 NO
0 NO
