a = 100000000000000000000000000000
b = 1000000000000000000000000000000000000000
a + a = 200000000000000000000000000000
a + b = 1000000000100000000000000000000000000000
a - b = -999999999900000000000000000000000000000
a * b = 100000000000000000000000000000000000000000000000000000000000000000000
a / b = 0
a % b = 100000000000000000000000000000
a | b = 1000000000020459875515331594836282179584
a & b = 79540124484668405163717820416
a ^ b = 999999999940919751030663189672564359168
a >> b = 12500000000000000000000000000
a << b = 800000000000000000000000000000
0
10
1
0
vec2 1
vec2 23
23
1
0
100
1
0
23
1
