!Northeastern European Regional Contest

NEERCSubregionsPast

NEERC

Home

Calendar

Contacts

Contest rules

Registration instructions

Selection rules

Payment information

Schedule

Accommodation

Map

Welcome to the Northeastern European Regional Contest 2015!

NEERC 2015 takes place in St. Petersburg, Barnaul, Tbilisi and Tashkent on December 5-6, 2015.

NEERC Problems

NEERC Editorial

NEERC Final Standings

NEERC 2015 tests (Warning, 170 Mb!)

NEERC 2015 jury archive (contains test
generators, jury solutions, statements sources).

The following teams qualify to World Finals 2016! Congratulations!

Ural Federal University 1 (Sivukhin, Danilyuk, Merkurev)
SPb State University 1 (Ershov, Gordeev, Pyshkin)
Moscow Institute of Physics and Technology 5 (Semenov, Smirnov, Zhuk)
Moscow State University 3 (Shlyunkin, Akhmedov, Gorbunov)
SPb ITMO University 1 (Bardashevich, Kovsharov, Smykalov)
Nizhny Novgorod State University (Epifanov, Krivonosov, Kalinin)
Belarusian SU of Information and Radioelectronics 2 (Vistiazh, Sobal, Valchok)
Saratov State University 4 (Kudasov, Davtyan, Sagunov)
SPb Academic University 1 (Podguzov, Smirnov, Bogomolov)
Innopolis University (Savinov, Mashrabov, Kiyan)
Belarusian State University 1 (Shaftsialevich, Paliyevits, Sokal)
Moscow Engineering Physics Institute 1 (Minakov, Bidzilya, Urtashev)
Northern (Arctic) Federal University 1 (Dodin, Popovich, Chesnokov)
Moscow Aviation Institute (Safronov, Yushchenko, Mingalev)!