3
S 0 _ _ -> rd 0 ^ _ ^ _ ^
S 1 _ _ -> rd 1 ^ _ ^ _ ^
rd 0 _ _ -> rd _ > 0 > _ ^
rd 1 _ _ -> rd _ > 1 > _ ^
rd | _ _ -> rd _ > | > _ ^
rd _ _ _ -> so _ < _ < _ ^
so _ 0 _ -> so _ ^ 0 < _ ^
so _ 1 _ -> so _ ^ 1 < _ ^
so _ x _ -> so _ ^ x < _ ^
so _ | _ -> so _ ^ | < _ ^
so _ _ _ -> mi2 _ ^ _ > _ ^
mi2 _ 0 _ -> mi _ ^ 0 ^ _ ^
mi2 _ 1 _ -> mi _ ^ 1 ^ _ ^
mi2 _ | _ -> mi2 _ ^ | > _ ^
mi2 _ x _ -> mi2 _ ^ x > _ ^
mi2 _ _ _ -> en _ < _ ^ _ ^
mi _ 0 _ -> mi _ ^ 0 > 0 >
mi _ 1 _ -> mi _ ^ 1 > 1 >
mi _ | _ -> goe2 _ ^ | ^ _ ^
mi _ _ _ -> goe2 _ ^ _ ^ _ ^
goe2 _ 0 _ -> goe2 _ ^ 0 > _ ^
goe2 _ 1 _ -> goe2 _ ^ 1 > _ ^
goe2 _ | _ -> goe2 _ ^ | > _ ^
goe2 _ x _ -> goe2 _ ^ x > _ ^
goe2 _ _ _ -> fm _ ^ _ < _ <
goe3 _ | 0 -> goe3 _ ^ | ^ 0 >
goe3 _ | 1 -> goe3 _ ^ | ^ 1 >
goe3 _ | _ -> fm _ ^ | < _ <
nextn _ 0 0 -> nextn _ ^ 0 < 0 ^
nextn _ 1 0 -> nextn _ ^ 1 < 0 ^
nextn _ | 0 -> goe3 _ ^ | ^ 0 ^
nextn _ _ 0 -> remm2 _ ^ _ ^ 0 ^
nextn _ 0 1 -> nextn _ ^ 0 < 1 ^
nextn _ 1 1 -> nextn _ ^ 1 < 1 ^
nextn _ | 1 -> goe3 _ ^ | ^ 1 ^
nextn _ _ 1 -> remm2 _ ^ _ ^ 1 ^
nextn _ x 0 -> nextn _ ^ x < 0 ^
nextn _ x 1 -> nextn _ ^ x < 1 ^
fm _ 0 0 -> fm _ ^ 0 < 0 <
fm _ 0 1 -> fm _ ^ 0 < 1 <
fm _ 1 0 -> fm _ ^ 1 < 0 <
fm _ 1 1 -> fm _ ^ 1 < 1 <
fm _ | 0 -> les _ ^ | > 0 ^
fm _ | 1 -> les _ ^ | > 1 ^
fm _ | _ -> cmp _ ^ | > _ >
cmp _ 0 0 -> cmp _ ^ 0 > 0 >
cmp _ 0 1 -> les _ ^ 0 ^ 1 ^
cmp _ 1 0 -> nextn _ ^ 1 ^ 0 ^
cmp _ 1 1 -> cmp _ ^ 1 > 1 >
cmp _ | _ -> nextn _ ^ | < _ <
cmp _ _ _ -> nextn _ ^ _ < _ <
fm _ 0 _ -> nextn _ ^ 0 ^ _ >
fm _ 1 _ -> nextn _ ^ 1 ^ _ >
fm _ x 0 -> nextn _ ^ x ^ 0 ^
fm _ x 1 -> nextn _ ^ x ^ 1 ^
fm _ x _ -> nextn _ ^ x ^ _ ^
fm _ _ 0 -> les _ ^ _ > 0 ^
fm _ _ 1 -> les _ ^ _ > 1 ^
fm _ _ _ -> remm2 _ ^ _ ^ _ >
les _ 0 0 -> les _ ^ 0 < 0 ^
les _ 0 1 -> les _ ^ 0 < 1 ^
les _ 1 0 -> les _ ^ 1 < 0 ^
les _ 1 1 -> les _ ^ 1 < 1 ^
les _ | 0 -> les21 _ ^ | ^ 0 ^
les _ | 1 -> les21 _ ^ | ^ 1 ^
les21 _ | 0 -> les21 _ ^ | ^ 0 <
les21 _ | 1 -> les21 _ ^ | ^ 1 <
les21 _ | _ -> les2 _ ^ | > _ >
les2 _ 0 0 -> les2 _ ^ 0 > 0 >
les2 _ 0 1 -> les2 _ ^ 0 > 0 >
les2 _ 1 0 -> les2 _ ^ 1 > 1 >
les2 _ 1 1 -> les2 _ ^ 1 > 1 >
les2 _ | 0 -> les3 _ ^ | ^ 0 ^
les2 _ | 1 -> les3 _ ^ | ^ 1 ^
les2 _ | _ -> les4 _ ^ | ^ _ ^
les2 _ _ 0 -> les3 _ ^ _ ^ 0 ^
les2 _ _ 1 -> les3 _ ^ _ ^ 1 ^
les2 _ _ _ -> les4 _ ^ _ ^ _ ^
les3 _ | 0 -> les3 _ ^ | ^ _ >
les3 _ | 1 -> les3 _ ^ | ^ _ >
les3 _ | _ -> les4 _ ^ | ^ _ <
les3 _ _ 0 -> les3 _ ^ _ ^ _ >
les3 _ _ 1 -> les3 _ ^ _ ^ _ >
les3 _ _ _ -> les4 _ ^ _ ^ _ <
les4 _ | _ -> les4 _ ^ | ^ _ <
les4 _ _ _ -> les4 _ ^ _ ^ _ <
les4 _ | 0 -> fm _ ^ | < 0 ^
les4 _ | 1 -> fm _ ^ | < 1 ^
les4 _ _ 0 -> fm _ ^ _ < 0 ^
les4 _ _ 1 -> fm _ ^ _ < 1 ^
remm2 _ _ 0 -> remm2 _ ^ _ ^ 0 <
remm2 _ _ 1 -> remm2 _ ^ _ ^ 1 <
remm2 _ _ _ -> remm _ ^ _ ^ _ >
remm _ _ 0 -> remm 0 > _ ^ 0 >
remm _ _ 1 -> remm 1 > _ ^ 1 >
remm _ _ _ -> tob3 | > _ ^ _ <
tob3 _ _ 0 -> tob3 _ ^ _ ^ 0 <
tob3 _ _ 1 -> tob3 _ ^ _ ^ 1 <
tob3 _ _ _ -> delm _ ^ _ > _ >
delm _ 0 0 -> delm _ ^ 0 > 0 >
delm _ 0 1 -> delm2 _ ^ 0 ^ 1 ^
delm _ x 0 -> delm2 _ ^ x ^ 0 ^
delm _ x 1 -> delm2 _ ^ x ^ 1 ^
delm _ 0 _ -> delm2 _ ^ 0 ^ _ <
delm _ 1 0 -> delm2 _ ^ 1 ^ 0 ^
delm _ 1 1 -> delm _ ^ 1 > 1 >
delm _ 1 _ -> delm2 _ ^ 1 ^ _ <
delm _ | 0 -> delm2 _ ^ | ^ 0 ^
delm _ | 1 -> delm2 _ ^ | ^ 1 ^
delm _ | _ -> delx _ ^ | < _ <
delm _ _ _ -> delx _ ^ _ < _ <
delm2 _ 0 0 -> delm2 _ ^ 0 > 0 ^
delm2 _ 0 1 -> delm2 _ ^ 0 > 1 ^
delm2 _ 0 _ -> delm2 _ ^ 0 > _ <
delm2 _ 1 0 -> delm2 _ ^ 1 > 0 ^
delm2 _ 1 1 -> delm2 _ ^ 1 > 1 ^
delm2 _ 1 _ -> delm2 _ ^ 0 > _ <
delm2 _ x 0 -> delm2 _ ^ x > 0 ^
delm2 _ x 1 -> delm2 _ ^ x > 1 ^
delm2 _ | 0 -> delm2 _ ^ | ^ 0 <
delm2 _ | 1 -> delm2 _ ^ | ^ 1 <
delm2 _ | _ -> delm _ ^ | > _ >
delx _ | _ -> so _ ^ | ^ _ >
delx _ _ _ -> so _ ^ _ ^ _ >
delx _ 0 0 -> delx _ ^ x < _ <
delx _ 1 1 -> delx _ ^ x < _ <
en | _ _ -> en1 _ < _ ^ _ ^
en1 0 _ _ -> en1 0 < _ ^ _ ^
en1 1 _ _ -> en1 1 < _ ^ _ ^
en1 | _ _ -> en1 | < _ ^ _ ^
en1 _ _ _ -> AC _ > _ ^ _ ^
