Case #1: 19 20
Case #2: 123 123
Case #3: 1 1
Case #4: 15 10
Case #5: 911111111111111115 911111111111111115
Case #6: 160 119
Case #7: 600054500066000056 199454596595964199
Case #8: 150 109
Case #9: 159599590509999599 159950900005090999
Case #10: 901100199999899909 901100199999900990
Case #11: 39997949999998909 70010208913701780
Case #12: 919191919191919191 919191919191919191
Case #13: 19400010300001800 19160045893999949
Case #14: 140 099
Case #15: 9 9
Case #16: 602143300000000500 602141969559979919
Case #17: 19999999909191969 20050609000005090
Case #18: 919191919191919190 919191919191919190
Case #19: 88 93
Case #20: 466000006006000600 464596999995999495
Case #21: 990000909000908093 909999990999993998
Case #22: 17929597959693939 21060104060101020
Case #23: 919191919191919195 919191919191919195
Case #24: 15959595909590959 20000005050005050
Case #25: 554564949699999966 556500450000506445
Case #26: 011111111111111119 011111111111111119
Case #27: 131161571300220001 131161571267991929
Case #28: 999999999999999999 999999999999999990
Case #29: 5 5
Case #30: 111111111111111119 111111111111111115
Case #31: 44004100200060000 43892999194897899
Case #32: 099999999999999999 999999999999999999
Case #33: 999999999999999999 999999999999999999
Case #34: 911111111111111115 911111111111111115
Case #35: 93 88
Case #36: 18010701080008020 17989198979799999
Case #37: 10000505050505050 05959090909590959
Case #38: 180 139
Case #39: 909090909090909090 099999999999999999
Case #40: 011111111111111110 011111111111111110
Case #41: 111111111111111115 111111111111111110
Case #42: 9201569 9201590
Case #43: 155156666060055650 155156659549956699
Case #44: 306305077800073000 091292959579926979
Case #45: 914911 914911
Case #46: 9641131761100 9641121999197
Case #47: 999999999999999999 999999999999999999
Case #48: 130 089
Case #49: 308919999929999099 310065000080601909
Case #50: 012345678999999999 012345680123456789
Case #51: 019901999999990999 100909901000110909
Case #52: 911111111111111119 911111111111111119
Case #53: 19050900000500000 15959590999090999
Case #54: 15000005050009090 10999595959095999
Case #55: 199999999999999995 199999999999999999
Case #56: 101555510005105000 101555510005100990
Case #57: 199999999999999999 199999999999999999
Case #58: 198003908092092002 193998992998993998
Case #59: 911111111111111110 911111111111111110
Case #60: 111111111111111119 111111111111111120
Case #61: 099999999999999999 099999999999999999
Case #62: 111111111111111111 111111111111111111
Case #63: 919191919191919190 919191919191919190
Case #64: 100000000000000000 099999999999999999
Case #65: 665045600006065550 656995999495959966
Case #66: 500000005500005005 059095595999999090
Case #67: 5 5
Case #68: 900000000000000000 099999999999999999
Case #69: 999999999999999999 999999999999999999
Case #70: 15969494959596949 16060404060606040
Case #71: 11090000010109010 09919999909090919
Case #72: 100 059
Case #73: 19100900090909090 19099090999999909
Case #74: 011111111111111110 011111111111111110
Case #75: 1899689990299 6000260030250
Case #76: 14161605060506040 14161496959494969
Case #77: 19191991919999949 19192100050101000
Case #78: 099999999999999999 900000000000000000
Case #79: 6164684006 6130998979
Case #80: 0 0
Case #81: 113744099939965999 113747037800005000
Case #82: 115119999694099149 115121040096016005
Case #83: 999999999999999999 999999999999999999
Case #84: 160045554060004650 149699569459999959
Case #85: 911111111111111110 911111111111111110
Case #86: 111111111111111115 111111111111111119
Case #87: 009089959999599999 009090000099509509
Case #88: 14949694949595959 15060605050506050
Case #89: 11500 11099
Case #90: 361051165 361051161
Case #91: 011900911009090010 010090199910190090
Case #92: 999999999999999999 999999999999999995
Case #93: 919191919191919199 919191919191919199
Case #94: 338197989991454984 340610000010600680
Case #95: 2005000000010 1999097899996
Case #96: 100000000000000000 099999999999999995
Case #97: 497923979130949329 500000154297053000
Case #98: 497397997809939999 500760401600727100
Case #99: 81909992 99000900
Case #100: 11 11
Case #101: 999999999999999995 999999999999999999
Case #102: 700750148000700733 019975090999989018
Case #103: 099010999099009000 099011000000000090
Case #104: 190189909990999999 190190000000000000
Case #105: 560604044000090563 392499999674997909
Case #106: 16000406010104090 14919690919995969
Case #107: 987654321000000000 987654319876543210
Case #108: 041910159099994990 100506006046000405
Case #109: 6189010710590060 6189009909939991
Case #110: 100000000000000000 099999999999999999
Case #111: 17689 17689
Case #112: 120 079
Case #113: 590000005990000550 555999999999990905
Case #114: 9905000050 2909279988
Case #115: 17030801070506050 12999298919791909
Case #116: 0 0
Case #117: 61462418429 61462450404
Case #118: 19191919959090999 19191920000005090
Case #119: 191999929 194000025
Case #120: 999999999999999999 999999999999999999
Case #121: 16141504040504060 16141496959495969
Case #122: 100099021059000807 099990679191999990
Case #123: 10 05
Case #124: 14929393979692969 17050202010204090
Case #125: 551595099999590999 551990009000995009
Case #126: 89655990991 89656002000
Case #127: 199999999999999999 199999999999999999
Case #128: 999999999999999999 999999999999999999
Case #129: 19909999909190909 21010100010100000
Case #130: 10010109010000010 09999199919999909
Case #131: 190 149
Case #132: 10090005000505090 09959590959590999
Case #133: 541190 541188
Case #134: 19100909000900090 19099090909990909
Case #135: 990090999999099019 990110001001100009
Case #136: 999999999999999999 999999999999999999
Case #137: 011111111111111119 011111111111111119
Case #138: 987654321000000000 987654320123456789
Case #139: 111999999999729992 120250000400008002
Case #140: 919191919191919199 919191919191919199
Case #141: 163399 165064
Case #142: 110 069
Case #143: 012345678999999999 012345679876543210
Case #144: 15000000000000050 10909090909595959
Case #145: 999999999999999999 999999999999999999
Case #146: 141618799995199949 141619709005000800
Case #147: 10 05
Case #148: 10151510151515050 10151510151510959
Case #149: 999999999999999999 999999999999999999
Case #150: 49658 49658
Case #151: 19909099909090909 20090900000900090
Case #152: 118321299959993 118509030100349
Case #153: 199999999999999999 200000000000000000
Case #154: 13070607020106080 12939198909294969
Case #155: 919191919191919191 919191919191919191
Case #156: 999999999999999999 999999999999999999
Case #157: 170 129
Case #158: 999999999999999999 999999999999999999
Case #159: 999999999999999990 999999999999999999
Case #160: 1896699839951 1915098906308
Case #161: 19959595999999999 20050000000005000
Case #162: 199999999999999999 199999999999999995
Case #163: 61069999994945919 61080001730548002
Case #164: 050000055000000000 005959990005999099
Case #165: 099999999999999999 909090909090909090
Case #166: 011111111111111115 011111111111111115
Case #167: 8219193190 8219169821
Case #168: 090100000900990009 090099909990099990
Case #169: 555000500050050500 050099590099059509
Case #170: 10101911010001010 10101910999099919
Case #171: 999000000000009009 990999909909999900
Case #172: 500000900099600000 499199919951949999
Case #173: 439799999550929999 440100531948280700
Case #174: 919909999999190111 919919010091901100
Case #175: 10040105050401000 09919991949591949
Case #176: 099999999999999999 099999999999999999
Case #177: 05 10
Case #178: 10909090909991999 11010909010009000
Case #179: 510005000000555500 505599099995995550
Case #180: 9 9
Case #181: 911111111111111119 911111111111111119
Case #182: 318856 318875
Case #183: 14949495969595949 15060605050506060
Case #184: 155140000006900440 150199999991099919
Case #185: 772217124099296999 772217124400020092
Case #186: 19999099909099909 20000000000009090
Case #187: 10000 09599
Case #188: 011111111111111115 011111111111111115
Case #189: 16000105000906000 14919095959595959
Case #190: 15159595909590959 15200500000000000
Case #191: 1180000703300 1169909999039
Case #192: 919191919191919195 919191919191919195
Case #193: 90130 62961
Case #194: 199919199100999119 900000000010900000
Case #195: 769961297 810003000
Case #196: 145312799719391399 145321052707051000
Case #197: 999999999999999999 099999999999999999
Case #198: 900050059059500005 595099999009590905
Case #199: 999999999999999999 999999999999999999
Case #200: 19100009000009000 19099999909090999
