Case #1: BCDEFGHIJKLMNOPQRSTUVWXYZA
Case #2: IMPOSSIBLE
Case #3: QABCDEFGHIJKLMNOPRSTUVWXYZ
Case #4: ZAGWXNCDVITUBEFHJKLMOPQRSY
Case #5: ILODQTHRMUNFABCEGJKPSVWXYZ
Case #6: BGACDEFHIJKLMNOPQRSTUVWXYZ
Case #7: FBACDEGHIJKLMNOPQRSTUVWXYZ
Case #8: BOACDEFGHIJKLMNPQRSTUVWXYZ
Case #9: QBACDEFGHIJKLMNOPRSTUVWXYZ
Case #10: BYACDEFGHIJKLMNOPQRSTUVWXZ
Case #11: BQACDEFGHIJKLMNOPRSTUVWXYZ
Case #12: BPACDEFGHIJKLMNOQRSTUVWXYZ
Case #13: BCADEFGHIJKLMNOPQRSTUVWXYZ
Case #14: TAMYIZVUBCDEFGHJKLNOPQRSWX
Case #15: VBACDEFGHIJKLMNOPQRSTUWXYZ
Case #16: ILFABCDEGHJKMNOPQRSTUVWXYZ
Case #17: ABCDEFGHIJKLMNOPQRSTUVWXYZ
Case #18: IMPOSSIBLE
Case #19: NBACDEFGHIJKLMOPQRSTUVWXYZ
Case #20: BVXACDEFGHIJKLMNOPQRSTUWYZ
Case #21: VWPOMZQGISFKAECRUNBDHJLTXY
Case #22: QEFCWABDGHIJKLMNOPRSTUVXYZ
Case #23: HBACDEFGIJKLMNOPQRSTUVWXYZ
Case #24: AGSEJBMRDPWYCKFHILNOQTUVXZ
Case #25: XBACDEFGHIJKLMNOPQRSTUVWYZ
Case #26: BFACDEGHIJKLMNOPQRSTUVWXYZ
Case #27: XNPOHQJVTGBLISACDEFKMRUWYZ
Case #28: BEACDFGHIJKLMNOPQRSTUVWXYZ
Case #29: BDACEFGHIJKLMNOPQRSTUVWXYZ
Case #30: WBACDEFGHIJKLMNOPQRSTUVXYZ
Case #31: UNRMABCDEFGHIJKLOPQSTVWXYZ
Case #32: HOYMVRCDENZQSGABPWJFUXLIKT
Case #33: ZBACDEFGHIJKLMNOPQRSTUVWXY
Case #34: FHICNTDPLYQMJVUERWABGKOSXZ
Case #35: YOEZBWCLXTMDQAFIGHJKNPRSUV
Case #36: BZACDEFGHIJKLMNOPQRSTUVWXY
Case #37: EASKGZRBITFMYCVXDHJLNOPQUW
Case #38: BVACDEFGHIJKLMNOPQRSTUWXYZ
Case #39: SBACDEFGHIJKLMNOPQRTUVWXYZ
Case #40: BLACDEFGHIJKMNOPQRSTUVWXYZ
Case #41: URYCBSTXIPVGADEFHJKLMNOQWZ
Case #42: QHYGVBDCTRPAZMJUKNEFOLXISW
Case #43: BMACDEFGHIJKLNOPQRSTUVWXYZ
Case #44: BRACDEFGHIJKLMNOPQSTUVWXYZ
Case #45: FLPABCDEGHIJKMNOQRSTUVWXYZ
Case #46: BACDEFGHIJKLMNOPQRSTUVWXYZ
Case #47: BUACDEFGHIJKLMNOPQRSTVWXYZ
Case #48: FHRWBLTQMSNAUGICDEJKOPVXYZ
Case #49: MBACDEFGHIJKLNOPQRSTUVWXYZ
Case #50: AKTWOGHBSXQCDEFIJLMNPRUVYZ
Case #51: LBACDEFGHIJKMNOPQRSTUVWXYZ
Case #52: IBACDEFGHJKLMNOPQRSTUVWXYZ
Case #53: IGAWLRZSENOHJDVFBCKMPQTUXY
Case #54: BHACDEFGIJKLMNOPQRSTUVWXYZ
Case #55: ZABCDEFGHIJKLMNOPQRSTUVWXY
Case #56: EBACDFGHIJKLMNOPQRSTUVWXYZ
Case #57: YSKMFIOQGNBLVDCZWTEXPRUHJA
Case #58: BZDGAPOCWFLUKYVSNREHQTIJMX
Case #59: QSLUIABVPNCTRWYMXDEFGHJKOZ
Case #60: TVLAOGPXUDNFHMEYZIRKBJCQSW
Case #61: DNMGCQVWFHLSEIBOAPXZUJKRTY
Case #62: UTCBADEFGHIJKLMNOPQRSVWXYZ
Case #63: OKRAMSJVFPNTBEHYZDGICWXLQU
Case #64: WQZMGVCKUXRPJLHSEIFYTABDNO
Case #65: BSACDEFGHIJKLMNOPQRTUVWXYZ
Case #66: JBACDEFGHIKLMNOPQRSTUVWXYZ
Case #67: BXWDCIGQFMLKYTVZRSAJUOEHNP
Case #68: BIACDEFGHJKLMNOPQRSTUVWXYZ
Case #69: ETPJAQOUMIHRWCGKBDFLNSVXYZ
Case #70: YBACDEFGHIJKLMNOPQRSTUVWXZ
Case #71: IMPOSSIBLE
Case #72: BXACDEFGHIJKLMNOPQRSTUVWYZ
Case #73: UBACDEFGHIJKLMNOPQRSTVWXYZ
Case #74: TCDPXZGWMABEFHIJKLNOQRSUVY
Case #75: IRCJWPKABDEFGHLMNOQSTUVXYZ
Case #76: IGYMNFEABCDHJKLOPQRSTUVWXZ
Case #77: NZJKGYLPUTABCDEFHIMOQRSVWX
Case #78: PBACDEFGHIJKLMNOQRSTUVWXYZ
Case #79: DBACEFGHIJKLMNOPQRSTUVWXYZ
Case #80: WEGVUNAMFSCQOKZXYTJHIRPBDL
Case #81: CBADEFGHIJKLMNOPQRSTUVWXYZ
Case #82: BJACDEFGHIKLMNOPQRSTUVWXYZ
Case #83: VEANOBCDFGHIJKLMPQRSTUWXYZ
Case #84: BNACDEFGHIJKLMOPQRSTUVWXYZ
Case #85: GBACDEFHIJKLMNOPQRSTUVWXYZ
Case #86: BTACDEFGHIJKLMNOPQRSUVWXYZ
Case #87: OBACDEFGHIJKLMNPQRSTUVWXYZ
Case #88: ABCDEFGHIJKLMNOPQRSTUVWXYZ
Case #89: KBACDEFGHIJLMNOPQRSTUVWXYZ
Case #90: KFHBCUMLOIWDSYAGQNEJPRTVXZ
Case #91: BWACDEFGHIJKLMNOPQRSTUVXYZ
Case #92: EJOXHRCKMPUABDFGILNQSTVWYZ
Case #93: TBACDEFGHIJKLMNOPQRSUVWXYZ
Case #94: WTHPCBADEFGIJKLMNOQRSUVXYZ
Case #95: RBACDEFGHIJKLMNOPQSTUVWXYZ
Case #96: MPOSIBLEACDFGHJKNQRTUVWXYZ
Case #97: TGBZCKPYADEFHIJLMNOQRSUVWX
Case #98: BKACDEFGHIJLMNOPQRSTUVWXYZ
Case #99: SRCFQABDEGHIJKLMNOPTUVWXYZ
Case #100: NCYSFHTMXKJIUQVABDEGLOPRWZ
