Case #1: YSLBZXUVMJKTGWECINDPHOQAFR
Case #2: IMPOSSIBLE
Case #3: YSLBZXUVMJKTGWECINDPHOQAFR
Case #4: OZXAHWJQUBRNMYITCEFDPLGSKV
Case #5: YSLBZXUVMJKTGWECINDPHOQAFR
Case #6: IMPOSSIBLE
Case #7: YSLBZXUVMJKTGWECINDPHOQAFR
Case #8: IMPOSSIBLE
Case #9: HRETQICKVZULJXGOWYBDFAMPSN
Case #10: CYBMGFLQUSTKVIZWOPNHEAXDRJ
Case #11: KRUNFCIJAWEDOXVGHBLTQMYZSP
Case #12: HDMBEGQZUPSTJRIWVANYKOLXCF
Case #13: DFPAMHTVQSBINRCUZXLGWEOYJK
Case #14: IMPOSSIBLE
Case #15: GSVYHBFIZJQRWOLEUCXATDNMPK
Case #16: DFPAMHTVQSBINRCUZXLGWEOYJK
Case #17: DYRSKAZBXCQGVNWFLIHUPJMEOT
Case #18: IMPOSSIBLE
Case #19: IOMLBWAXRGJTKFQYVESNZHPDUC
Case #20: IMPOSSIBLE
Case #21: YWHMIRTPUNCXVFGZQAJBDLSKOE
Case #22: IMPOSSIBLE
Case #23: EZOGNLVKIHTWDACSRUXMJPBYQF
Case #24: CEGUIQTBMDRHOAPXJNYZVKSFWL
Case #25: HDMBEGQZUPSTJRIWVANYKOLXCF
Case #26: QJATCHBIXUKONELPRGMDSYFZVW
Case #27: IMPOSSIBLE
Case #28: YSLBZXUVMJKTGWECINDPHOQAFR
Case #29: SZUPWLKCAVIDTGMFHYJNEQOXRB
Case #30: IMPOSSIBLE
Case #31: YSLBZXUVMJKTGWECINDPHOQAFR
Case #32: JECHBRMVFDTKUALWNIZXYQSPOG
Case #33: YSLBZXUVMJKTGWECINDPHOQAFR
Case #34: RUTLAFBYPWXDQIEKGHOMZJNSVC
Case #35: JPAUFREVWNGBLOMZHTYSXDKCQI
Case #36: YSLBZXUVMJKTGWECINDPHOQAFR
Case #37: UFDVESOWRPQITBCGXAMKJHZNYL
Case #38: OZXAHWJQUBRNMYITCEFDPLGSKV
Case #39: UFDVESOWRPQITBCGXAMKJHZNYL
Case #40: DENTWPLSZJBKRXFMUHQCOVYAIG
Case #41: DFPAMHTVQSBINRCUZXLGWEOYJK
Case #42: OHDBFGEJRAISVXTPWQYCLUKMZN
Case #43: DFPAMHTVQSBINRCUZXLGWEOYJK
Case #44: JASLMPTQYHFBZDVRUWXCNGKOIE
Case #45: HDMBEGQZUPSTJRIWVANYKOLXCF
Case #46: KJMGEFVDHYUOPATIXRWBQLNZSC
Case #47: YWHMIRTPUNCXVFGZQAJBDLSKOE
Case #48: HRWMBTKIJUGFCOSXEDZYPQLVNA
Case #49: ENWUSLDAMVOBJGYZQPCHKTIFRX
Case #50: IMPOSSIBLE
Case #51: OZXAHWJQUBRNMYITCEFDPLGSKV
Case #52: IMPOSSIBLE
Case #53: IMPOSSIBLE
Case #54: DYRSKAZBXCQGVNWFLIHUPJMEOT
Case #55: CVWSBARDZKTJHEILUONXMGYFPQ
Case #56: FVPDBXOEQUWLNHAGYTSRZCJIKM
Case #57: QDFHZTWMVGORSXNKLYEBJAPIUC
Case #58: HRWMBTKIJUGFCOSXEDZYPQLVNA
Case #59: YSLBZXUVMJKTGWECINDPHOQAFR
Case #60: YSLBZXUVMJKTGWECINDPHOQAFR
Case #61: YSLBZXUVMJKTGWECINDPHOQAFR
Case #62: NFHDVJYUAZLXMWKGTPQBCOSERI
Case #63: YSLBZXUVMJKTGWECINDPHOQAFR
Case #64: ENWUSLDAMVOBJGYZQPCHKTIFRX
Case #65: OWJVETMGXDRYCQSHKAZNPULIBF
Case #66: IMPOSSIBLE
Case #67: YWHMIRTPUNCXVFGZQAJBDLSKOE
Case #68: WJMBHNDEXPZROASUFTGKCVQYIL
Case #69: YHCZWGEKODSXBMIPAJQNTLUFVR
Case #70: OZXAHWJQUBRNMYITCEFDPLGSKV
Case #71: DFPAMHTVQSBINRCUZXLGWEOYJK
Case #72: DFPAMHTVQSBINRCUZXLGWEOYJK
Case #73: YSLBZXUVMJKTGWECINDPHOQAFR
Case #74: IMPOSSIBLE
Case #75: YSLBZXUVMJKTGWECINDPHOQAFR
Case #76: UVQFJLSPYDMZXWCBEGKRAHNTIO
Case #77: DENTWPLSZJBKRXFMUHQCOVYAIG
Case #78: LUZWSFCIEQMPKJTVNHBYDRGXAO
Case #79: IMPOSSIBLE
Case #80: PDUZOXJLCVYIEGRSWHQKBMTFAN
Case #81: DENTWPLSZJBKRXFMUHQCOVYAIG
Case #82: VTMPSGURKCXAEWFZBJQYNHDIOL
Case #83: UFDVESOWRPQITBCGXAMKJHZNYL
Case #84: QVBMIPFRGDYHWNLCAKJOSUTEZX
Case #85: IMPOSSIBLE
Case #86: CPOFGEDQVAMLKZTIUSWRNBYXJH
Case #87: KUJVIEHYFZQCNAWTROBDPLMGXS
Case #88: EBLMHOFDUSAYPGXCINWZVKJRTQ
Case #89: DFPAMHTVQSBINRCUZXLGWEOYJK
Case #90: IMPOSSIBLE
Case #91: LZFDXCTMUQOEVSAGRYPBKHWNJI
Case #92: UFDVESOWRPQITBCGXAMKJHZNYL
Case #93: FSGMJEZTRYNBHPVIQWADCUKOXL
Case #94: OZXAHWJQUBRNMYITCEFDPLGSKV
Case #95: HDMBEGQZUPSTJRIWVANYKOLXCF
Case #96: HDMBEGQZUPSTJRIWVANYKOLXCF
Case #97: 