start: s
accept: ac
reject: rj
blank: _
s 1 -> go 1 ^
s 0 -> go 0 ^
go 0 -> go 0 >
go 1 -> go 1 >
go * -> go * >
go 2 -> go 2 >
go 3 -> go 3 >
go 4 -> go 4 >
go ! -> go ! >
go $ -> go $ >
go x -> go x >
go _ -> setv _ ^
setv _ -> gob ! ^
gob 0 -> gob 0 <
gob 1 -> gob 1 <
gob * -> gob * <
gob 2 -> gob 2 <
gob 3 -> gob 3 <
gob 4 -> gob 4 <
gob ! -> gob ! <
gob $ -> gob $ <
gob x -> gob x <
gob _ -> rep _ ^
rep _ -> rep _ >
rep 0 -> go2 2 >
rep 1 -> go2 3 >
rep * -> go2 + >
rep ! -> go22 ! >
go2 0 -> go2 0 >
go2 1 -> go2 1 >
go2 * -> go2 * >
go2 2 -> go2 2 >
go2 3 -> go2 3 >
go2 4 -> go2 4 >
go2 ! -> go2 ! >
go2 $ -> go2 $ >
go2 x -> go2 x >
go2 _ -> setz _ ^
setz _ -> go2l 0 <
go2l 1 -> go2l 1 <
go2l 0 -> go2l 0 <
go2l * -> go2l * <
go2l + -> rep * >
go2l 2 -> rep 0 >
go2l 3 -> rep 1 >
go2l ! -> go2l ! <
go2l _ -> go2 _ >
go22 0 -> go22 0 >
go22 1 -> go22 1 >
go22 * -> go22 * >
go22 2 -> go22 2 >
go22 3 -> go22 3 >
go22 4 -> go22 4 >
go22 ! -> go22 ! >
go22 $ -> go22 $ >
go22 x -> go22 x >
go22 _ -> setv2 _ ^
setv2 _ -> gob2 ! ^
gob2 0 -> gob2 0 <
gob2 1 -> gob2 1 <
gob2 * -> gob2 * <
gob2 2 -> gob2 2 <
gob2 3 -> gob2 3 <
gob2 4 -> gob2 4 <
gob2 ! -> gob2 ! <
gob2 $ -> gob2 $ <
gob2 x -> gob2 x <
gob2 _ -> cb2 _ ^
cb2 0 -> cb2 0 >
cb2 1 -> cb2 1 >
cb2 2 -> cb2 2 >
cb2 3 -> cb2 3 >
cb2 4 -> cb2 4 >
cb2 ! -> cb2 ! >
cb2 _ -> cb2 _ >
cb2 $ -> cb2 $ >
cb2 x -> cb2 x >
cb2 * -> cb * ^
cb * -> cb * >
cb 0 -> gobr0 2 >
cb 1 -> gobr1 3 >
cb ! -> star ! >
gobr0 0 -> gobr0 0 >
gobr0 1 -> gobr0 1 >
gobr0 ! -> gobr0 ! >
gobr0 _ -> rcb 0 <
gobr1 0 -> gobr1 0 >
gobr1 1 -> gobr1 1 >
gobr1 ! -> gobr1 ! >
gobr1 _ -> rcb 1 <
rcb 1 -> rcb 1 <
rcb 0 -> rcb 0 <
rcb 2 -> cb 0 >
rcb 3 -> cb 1 >
rcb ! -> rcb ! <
star 0 -> star 0 <
star 1 -> star 1 <
star 2 -> star 2 <
star 3 -> star 3 <
star 4 -> star 4 <
star ! -> star ! <
star _ -> star _ <
star $ -> star $ <
star x -> star x <
star * -> mul * ^
mul * -> mul * <
mul 0 -> mul0 x ^
mul 1 -> mul1 x ^
mul _ -> clr _ >
mul0 0 -> mul0 0 >
mul0 1 -> mul0 1 >
mul0 * -> mul0 * >
mul0 2 -> mul0 2 >
mul0 3 -> mul0 3 >
mul0 4 -> mul0 4 >
mul0 ! -> mul0 ! >
mul0 $ -> mul0 $ >
mul0 x -> mul0 x >
mul0 _ -> mset0 _ ^
mset0 _ -> mgol 0 <
mgol 0 -> mgol 0 <
mgol 1 -> mgol 1 <
mgol * -> mgol * <
mgol 2 -> mgol 2 <
mgol 3 -> mgol 3 <
mgol 4 -> mgol 4 <
mgol ! -> mgol ! <
mgol _ -> mgol _ <
mgol $ -> mgol $ <
mgol x -> nextm x ^
nextm x -> nextm x <
nextm 0 -> mul 0 ^
nextm 1 -> mul 1 ^
nextm _ -> mul _ ^
mul1 0 -> mul1 0 >
mul1 1 -> mul1 1 >
mul1 * -> mul1 * >
mul1 2 -> mul1 2 >
mul1 3 -> mul1 3 >
mul1 4 -> mul1 4 >
mul1 _ -> mul1 _ >
mul1 $ -> mul1 $ >
mul1 x -> mul1 x >
mul1 ! -> sv3 ! ^
sv3 ! -> sv4 ! >
sv4 0 -> sv4 0 >
sv4 1 -> sv4 1 >
sv4 * -> sv4 * >
sv4 2 -> sv4 2 >
sv4 3 -> sv4 3 >
sv4 4 -> sv4 4 >
sv4 _ -> sv4 _ >
sv4 $ -> sv4 $ >
sv4 x -> sv4 x >
sv4 ! -> sv ! ^
sv ! -> ge $ >
ge 0 -> ge 0 >
ge 1 -> ge 1 >
ge * -> ge * >
ge 2 -> ge 2 >
ge 3 -> ge 3 >
ge 4 -> ge 4 >
ge ! -> ge ! >
ge $ -> ge $ >
ge x -> ge x >
ge _ -> sum _ ^
sum _ -> sum _ <
sum 0 -> sl0 2 <
sum 1 -> sl1 3 <
sum ! -> ensum ! <
sl0 0 -> sl0 0 <
sl0 1 -> sl0 1 <
sl0 2 -> s0 0 <
sl0 3 -> s0 1 <
sl0 $ -> s0 ! <
sl0 ! -> sl0 ! <
s0 0 -> sr 2 >
s0 1 -> sr 3 >
sr 0 -> sr 0 >
sr 1 -> sr 1 >
sr ! -> sr ! >
sr 2 -> sum 0 <
sr 3 -> sum 1 <
sl1 0 -> sl1 0 <
sl1 1 -> sl1 1 <
sl1 2 -> s1 0 <
sl1 3 -> s1 1 <
sl1 $ -> s1 ! <
sl1 ! -> sl1 ! <
s1 0 -> sr 3 >
s1 1 -> ost 2 <
ost 0 -> ggo 1 >
ost 1 -> ost 0 <
ggo 0 -> ggo 0 >
ggo 1 -> ggo 1 >
ggo * -> ggo * >
ggo 2 -> ggo 2 >
ggo 3 -> ggo 3 >
ggo 4 -> ggo 4 >
ggo _ -> ggo _ >
ggo $ -> ggo $ >
ggo x -> ggo x >
ggo ! -> sr ! ^
ensum 0 -> ensum 0 <
ensum 1 -> ensum 1 <
ensum 2 -> ensum 0 <
ensum 3 -> ensum 1 <
ensum ! -> mul0 ! ^
clr 0 -> clr 0 >
clr 1 -> clr 1 >
clr * -> clr * >
clr 2 -> clr 2 >
clr 3 -> clr 3 >
clr 4 -> clr 4 >
clr ! -> clr ! >
clr $ -> clr $ >
clr x -> clr x >
clr _ -> dd3 _ ^
dd3 _ -> dd _ <
dd 0 -> dd _ <
dd 1 -> dd _ <
dd ! -> dd2 _ <
dd * -> dd _ <
dd x -> dd _ <
dd _ -> ddr _ >
dd2 0 -> dd2 0 <
dd2 1 -> dd2 1 <
dd2 * -> dd2 * <
dd2 2 -> dd2 2 <
dd2 3 -> dd2 3 <
dd2 4 -> dd2 4 <
dd2 _ -> dd2 _ <
dd2 $ -> dd2 $ <
dd2 x -> dd2 x <
dd2 ! -> dd4 ! ^
dd4 ! -> dd _ <
ddr _ -> ddr _ >
ddr 0 -> ddr2 _ >
ddr2 0 -> ddr2 _ >
ddr2 1 -> ac 1 ^
ddr2 _ -> ac 0 ^
